build/app/outputs/mapping/release/mapping.txt
# compiler: R8
# compiler_version: 1.5.64
# min_api: 16
# pg_map_id: b1b5de4
...
io.opencensus.stats.Measure$MeasureDouble -> c.c.d.c$b:
    io.opencensus.stats.Measure$MeasureDouble create(java.lang.String,java.lang.String,java.lang.String) -> a
    java.lang.String getDescription() -> a
    java.lang.String getName() -> b
    java.lang.String getUnit() -> c
io.opencensus.stats.Measure$MeasureLong -> c.c.d.c$c:
    io.opencensus.stats.Measure$MeasureLong create(java.lang.String,java.lang.String,java.lang.String) -> a
    java.lang.String getDescription() -> a
    java.lang.String getName() -> b
    java.lang.String getUnit() -> c
io.opencensus.stats.MeasureMap -> c.c.d.d:
    io.opencensus.stats.MeasureMap put(io.opencensus.stats.Measure$MeasureDouble,double) -> a
    io.opencensus.stats.MeasureMap put(io.opencensus.stats.Measure$MeasureLong,long) -> a
    void record(io.opencensus.tags.TagContext) -> a
io.opencensus.stats.NoopStats -> c.c.d.e:
    io.opencensus.stats.StatsRecorder getNoopStatsRecorder() -> a
    io.opencensus.stats.MeasureMap newNoopMeasureMap() -> b
    io.opencensus.stats.StatsComponent newNoopStatsComponent() -> c
    io.opencensus.stats.ViewManager newNoopViewManager() -> d
io.opencensus.stats.NoopStats$1 -> c.c.d.e$a:
io.opencensus.stats.NoopStats$NoopMeasureMap -> c.c.d.e$b:
    boolean hasUnsupportedValues -> a
    java.util.logging.Logger logger -> b
    io.opencensus.stats.MeasureMap put(io.opencensus.stats.Measure$MeasureDouble,double) -> a
    io.opencensus.stats.MeasureMap put(io.opencensus.stats.Measure$MeasureLong,long) -> a
    void record(io.opencensus.tags.TagContext) -> a
io.opencensus.stats.NoopStats$NoopStatsComponent -> c.c.d.e$c:
    io.opencensus.stats.StatsRecorder getStatsRecorder() -> a
io.opencensus.stats.NoopStats$NoopStatsRecorder -> c.c.d.e$d:
    io.opencensus.stats.StatsRecorder INSTANCE -> a
    io.opencensus.stats.MeasureMap newMeasureMap() -> a
io.opencensus.stats.NoopStats$NoopViewManager -> c.c.d.e$e:
io.opencensus.stats.Stats -> c.c.d.f:
    io.opencensus.stats.StatsComponent statsComponent -> b
    java.util.logging.Logger logger -> a
    io.opencensus.stats.StatsRecorder getStatsRecorder() -> a
    io.opencensus.stats.StatsComponent loadStatsComponent(java.lang.ClassLoader) -> a
io.opencensus.stats.StatsComponent -> c.c.d.g:
    io.opencensus.stats.StatsRecorder getStatsRecorder() -> a
io.opencensus.stats.StatsRecorder -> c.c.d.h:
    io.opencensus.stats.MeasureMap newMeasureMap() -> a
io.opencensus.stats.ViewManager -> c.c.d.i:
io.opencensus.tags.AutoValue_TagKey -> c.c.e.a:
    java.lang.String name -> a
    java.lang.String getName() -> a
io.opencensus.tags.AutoValue_TagMetadata -> c.c.e.b:
    io.opencensus.tags.TagMetadata$TagTtl tagTtl -> a
    io.opencensus.tags.TagMetadata$TagTtl getTagTtl() -> a
io.opencensus.tags.AutoValue_TagValue -> c.c.e.c:
    java.lang.String asString -> a
    java.lang.String asString() -> a
io.opencensus.tags.NoopTags -> c.c.e.d:
    io.opencensus.tags.TagContext getNoopTagContext() -> a
    io.opencensus.tags.propagation.TagContextBinarySerializer getNoopTagContextBinarySerializer() -> b
    io.opencensus.tags.TagContextBuilder getNoopTagContextBuilder() -> c
    io.opencensus.tags.propagation.TagPropagationComponent getNoopTagPropagationComponent() -> d
    io.opencensus.tags.Tagger getNoopTagger() -> e
    io.opencensus.tags.TagsComponent newNoopTagsComponent() -> f
io.opencensus.tags.NoopTags$1 -> c.c.e.d$a:
io.opencensus.tags.NoopTags$NoopTagContext -> c.c.e.d$b:
    io.opencensus.tags.TagContext INSTANCE -> a
    java.util.Iterator getIterator() -> a
io.opencensus.tags.NoopTags$NoopTagContextBinarySerializer -> c.c.e.d$c:
    byte[] EMPTY_BYTE_ARRAY -> b
    io.opencensus.tags.propagation.TagContextBinarySerializer INSTANCE -> a
    io.opencensus.tags.TagContext fromByteArray(byte[]) -> a
    byte[] toByteArray(io.opencensus.tags.TagContext) -> a